<?xml version="1.0" encoding="UTF-8"?>
<!-- Generated by org.testng.reporters.JUnitXMLReporter -->
<testsuite ignored="0" hostname="LAPTOP-JI1PGURS" failures="1" tests="1" name="Test(failed)" time="3.115" errors="0" timestamp="2025-04-25T11:43:48 IST">
  <testcase classname="testcases.TC002_LoginTest" name="verifylogin" time="0.676">
    <failure type="java.lang.AssertionError" message="null">
      <![CDATA[java.lang.AssertionError: null
at testcases.TC002_LoginTest.verifylogin(TC002_LoginTest.java:34)
at java.base/java.util.ArrayList.forEach(ArrayList.java:1596)
... Removed 27 stack frames]]>
    </failure>
  </testcase> <!-- verifylogin -->
</testsuite> <!-- Test(failed) -->
