<?xml version="1.0" encoding="UTF-8"?>
<testng-results ignored="0" total="2" passed="2" failed="0" skipped="0">
  <reporter-output>
  </reporter-output>
  <suite started-at="2025-04-24T12:07:41 IST" name="Suite" finished-at="2025-04-24T12:07:50 IST" duration-ms="8277">
    <groups>
    </groups>
    <test started-at="2025-04-24T12:07:41 IST" name="Test" finished-at="2025-04-24T12:07:50 IST" duration-ms="8277">
      <class name="testcases.TC001_AccountRegistrationTest">
        <test-method is-config="true" signature="setup()[pri:0, instance:testcases.TC001_AccountRegistrationTest@24b6b8f6]" started-at="2025-04-24T12:07:45 IST" name="setup" finished-at="2025-04-24T12:07:46 IST" duration-ms="1281" status="PASS">
          <reporter-output>
          </reporter-output>
        </test-method> <!-- setup -->
        <test-method signature="AccountVerification()[pri:0, instance:testcases.TC001_AccountRegistrationTest@24b6b8f6]" started-at="2025-04-24T12:07:46 IST" name="AccountVerification" finished-at="2025-04-24T12:07:50 IST" duration-ms="3748" status="PASS">
          <reporter-output>
          </reporter-output>
        </test-method> <!-- AccountVerification -->
      </class> <!-- testcases.TC001_AccountRegistrationTest -->
      <class name="testcases.TC002_LoginTest">
        <test-method is-config="true" signature="setup()[pri:0, instance:testcases.TC002_LoginTest@758c83d8]" started-at="2025-04-24T12:07:41 IST" name="setup" finished-at="2025-04-24T12:07:43 IST" duration-ms="2079" status="PASS">
          <reporter-output>
          </reporter-output>
        </test-method> <!-- setup -->
        <test-method signature="verifylogin()[pri:0, instance:testcases.TC002_LoginTest@758c83d8]" started-at="2025-04-24T12:07:43 IST" name="verifylogin" finished-at="2025-04-24T12:07:45 IST" duration-ms="1112" status="PASS">
          <reporter-output>
          </reporter-output>
        </test-method> <!-- verifylogin -->
      </class> <!-- testcases.TC002_LoginTest -->
    </test> <!-- Test -->
  </suite> <!-- Suite -->
</testng-results>
