<?xml version="1.0" encoding="UTF-8"?>
<testng-results ignored="0" total="1" passed="1" failed="0" skipped="0">
  <reporter-output>
  </reporter-output>
  <suite started-at="2025-04-23T12:14:31 IST" name="Default suite" finished-at="2025-04-23T12:14:36 IST" duration-ms="5858">
    <groups>
    </groups>
    <test started-at="2025-04-23T12:14:31 IST" name="Default test" finished-at="2025-04-23T12:14:36 IST" duration-ms="5858">
      <class name="testcases.TC001_AccountRegistrationTest">
        <test-method is-config="true" signature="setup()[pri:0, instance:testcases.TC001_AccountRegistrationTest@514646ef]" started-at="2025-04-23T12:14:31 IST" name="setup" finished-at="2025-04-23T12:14:33 IST" duration-ms="2396" status="PASS">
          <reporter-output>
          </reporter-output>
        </test-method> <!-- setup -->
        <test-method signature="AccountVerification()[pri:0, instance:testcases.TC001_AccountRegistrationTest@514646ef]" started-at="2025-04-23T12:14:33 IST" name="AccountVerification" finished-at="2025-04-23T12:14:36 IST" duration-ms="3420" status="PASS">
          <reporter-output>
          </reporter-output>
        </test-method> <!-- AccountVerification -->
      </class> <!-- testcases.TC001_AccountRegistrationTest -->
    </test> <!-- Default test -->
  </suite> <!-- Default suite -->
</testng-results>
